#-----------------------------------------------------------
# xsim v2017.4 (64-bit)
# SW Build 2086221 on Fri Dec 15 20:54:30 MST 2017
# IP Build 2085800 on Fri Dec 15 22:25:07 MST 2017
# Start of session at: Wed Feb 17 19:45:14 2021
# Process ID: 22335
# Current directory: /mnt/castor/seas_home/f/fatiho/lc4-labs/lab2b-alu
# Command line: xsim -mode tcl -source {xsim.dir/snapshot.sim/xsim_script.tcl}
# Log file: /mnt/castor/seas_home/f/fatiho/lc4-labs/lab2b-alu/xsim.log
# Journal file: /mnt/castor/seas_home/f/fatiho/lc4-labs/lab2b-alu/xsim.jou
#-----------------------------------------------------------
source xsim.dir/snapshot.sim/xsim_script.tcl
# xsim {snapshot.sim} -wdb {sim.wdb} -autoloadwcfg -runall -stats
Vivado Simulator 2017.4
Time resolution is 1 ps
run -all
exit
INFO: Simulation Memory Usage: 118008 KB (Peak: 179444 KB)
INFO: Simulation CPU Usage: 0 ms
INFO: [Common 17-206] Exiting xsim at Wed Feb 17 19:45:22 2021...
